<?xml version="1.0" encoding="UTF-8" standalone="no"?>
<!DOCTYPE log SYSTEM "logger.dtd">
<log>
<record>
  <date>2022-05-12T13:43:27.666741300Z</date>
  <millis>1652363007666</millis>
  <nanos>741300</nanos>
  <sequence>0</sequence>
  <logger>controller.Controller</logger>
  <level>INFO</level>
  <class>controller.Controller</class>
  <method>processIncomingInformation</method>
  <thread>1</thread>
  <message>Произведена операция: 25.0 + 62.0 = 87.0</message>
</record>
</log>
<?xml version="1.0" encoding="UTF-8" standalone="no"?>
<!DOCTYPE log SYSTEM "logger.dtd">
<log>
<record>
  <date>2022-05-12T13:47:07.130550700Z</date>
  <millis>1652363227130</millis>
  <nanos>550700</nanos>
  <sequence>0</sequence>
  <logger>controller.Controller</logger>
  <level>INFO</level>
  <class>controller.Controller</class>
  <method>processIncomingInformation</method>
  <thread>1</thread>
  <message>Произведена операция: 25.0 + 62.0 = 87.0</message>
</record>
<record>
  <date>2022-05-12T13:47:39.314901600Z</date>
  <millis>1652363259314</millis>
  <nanos>901600</nanos>
  <sequence>1</sequence>
  <logger>controller.Controller</logger>
  <level>INFO</level>
  <class>controller.Controller</class>
  <method>processIncomingInformation</method>
  <thread>1</thread>
  <message>Произведена операция: 100.0 * 250.0 = 25000.0</message>
</record>
<record>
  <date>2022-05-12T13:47:49.891984500Z</date>
  <millis>1652363269891</millis>
  <nanos>984500</nanos>
  <sequence>2</sequence>
  <logger>controller.Controller</logger>
  <level>INFO</level>
  <class>controller.Controller</class>
  <method>processIncomingInformation</method>
  <thread>1</thread>
  <message>Произведена операция: 3.51611721E8 * 1.5151851985E10 = 5.3275687527831163E18</message>
</record>
</log>
